<?xml version="1.0" encoding="UTF-8" ?>
<testsuite errors="0" failures="0" name="nu.mine.egoless.didattica.app.bean.AssenzeBeanTest" tests="5" time="1.656">
  <properties>
[...]
</properties>
  <testcase classname="nu.mine.egoless.didattica.app.bean.AssenzeBeanTest" name="testCaricaAssenze" time="0.641"></testcase>
  <testcase classname="nu.mine.egoless.didattica.app.bean.AssenzeBeanTest" name="testRitornaNumeroDiAssenze" time="0.25"></testcase>
  <testcase classname="nu.mine.egoless.didattica.app.bean.AssenzeBeanTest" name="testGetAssenzaAt" time="0.219"></testcase>
  <testcase classname="nu.mine.egoless.didattica.app.bean.AssenzeBeanTest" name="testRimuoviAssenzaAt" time="0.25"></testcase>
  <testcase classname="nu.mine.egoless.didattica.app.bean.AssenzeBeanTest" name="testSostituisciAssenzaAt" time="0.234"></testcase>
  <system-out><![CDATA[caricaAssenze
ritornaNumeroDiAssenze
getAssenzaAt
rimuoviAssenzaAt
sostituisciAssenzaAt
]]></system-out>
  <system-err><![CDATA[]]></system-err>
</testsuite>
