<?xml version="1.0" encoding="UTF-8" ?>
<testsuite errors="0" failures="3" name="nu.mine.egoless.supporto.DateTimeFacadeTest" tests="4" time="0.07">
  <properties>
[...]
</properties>
  <testcase classname="nu.mine.egoless.supporto.DateTimeFacadeTest" name="testDate2String" time="0.01"></testcase>
  <testcase classname="nu.mine.egoless.supporto.DateTimeFacadeTest" name="testGregorianCalendar2String" time="0.01">
    <failure message="expected:&lt;&gt; but was:&lt;2002-10-10T17:00:00.000+02:00&gt;" type="junit.framework.ComparisonFailure">junit.framework.ComparisonFailure: expected:&lt;&gt; but was:&lt;2002-10-10T17:00:00.000+02:00&gt;
	at nu.mine.egoless.supporto.DateTimeFacadeTest.testGregorianCalendar2String(DateTimeFacadeTest.java:74)
</failure>
  </testcase>
  <testcase classname="nu.mine.egoless.supporto.DateTimeFacadeTest" name="testString2Date" time="0.0">
    <failure message="The test case is a prototype." type="junit.framework.AssertionFailedError">junit.framework.AssertionFailedError: The test case is a prototype.
	at nu.mine.egoless.supporto.DateTimeFacadeTest.testString2Date(DateTimeFacadeTest.java:93)
</failure>
  </testcase>
  <testcase classname="nu.mine.egoless.supporto.DateTimeFacadeTest" name="testString2GregorianCalendar" time="0.0">
    <failure message="The test case is a prototype." type="junit.framework.AssertionFailedError">junit.framework.AssertionFailedError: The test case is a prototype.
	at nu.mine.egoless.supporto.DateTimeFacadeTest.testString2GregorianCalendar(DateTimeFacadeTest.java:109)
</failure>
  </testcase>
  <system-out><![CDATA[Date2String
GregorianCalendar2String
String2Date
String2GregorianCalendar
]]></system-out>
  <system-err><![CDATA[]]></system-err>
</testsuite>
