<?xml version="1.0" encoding="UTF-8" ?>
<testsuites>
  <testsuite errors="0" failures="5" id="0" name="AssenzaBeanTest" package="nu.mine.egoless.didattica.app.bean" tests="17" time="1.391">
  
    <properties>
[...]
</properties>

      <testcase classname="nu.mine.egoless.didattica.app.bean.AssenzaBeanTest" name="testGetId" time="0.0"></testcase>

      <testcase classname="nu.mine.egoless.didattica.app.bean.AssenzaBeanTest" name="testGetDataInizio" time="0.063"></testcase>

      <testcase classname="nu.mine.egoless.didattica.app.bean.AssenzaBeanTest" name="testSetDataInizio" time="0.062">
    
      <failure message="expected:&lt;false&gt; but was:&lt;true&gt;" type="junit.framework.AssertionFailedError">junit.framework.AssertionFailedError: expected:&lt;false&gt; but was:&lt;true&gt;
	at nu.mine.egoless.didattica.app.bean.AssenzaBeanTest.testSetDataInizio(AssenzaBeanTest.java:171)
</failure>

      </testcase>

      <testcase classname="nu.mine.egoless.didattica.app.bean.AssenzaBeanTest" name="testGetDataFine" time="0.0"></testcase>

      <testcase classname="nu.mine.egoless.didattica.app.bean.AssenzaBeanTest" name="testSetDataFine" time="0.016">
    
      <failure message="expected:&lt;false&gt; but was:&lt;true&gt;" type="junit.framework.AssertionFailedError">junit.framework.AssertionFailedError: expected:&lt;false&gt; but was:&lt;true&gt;
	at nu.mine.egoless.didattica.app.bean.AssenzaBeanTest.testSetDataFine(AssenzaBeanTest.java:285)
</failure>

      </testcase>

      <testcase classname="nu.mine.egoless.didattica.app.bean.AssenzaBeanTest" name="testIsGiustificata" time="0.0"></testcase>

      <testcase classname="nu.mine.egoless.didattica.app.bean.AssenzaBeanTest" name="testSetGiustificata" time="0.016"></testcase>

      <testcase classname="nu.mine.egoless.didattica.app.bean.AssenzaBeanTest" name="testSetIdStudente" time="0.0"></testcase>

      <testcase classname="nu.mine.egoless.didattica.app.bean.AssenzaBeanTest" name="testGetIdTipoAssenza" time="0.0"></testcase>

      <testcase classname="nu.mine.egoless.didattica.app.bean.AssenzaBeanTest" name="testSetIdTipoAssenza" time="0.0"></testcase>

      <testcase classname="nu.mine.egoless.didattica.app.bean.AssenzaBeanTest" name="testGetNote" time="0.0"></testcase>

      <testcase classname="nu.mine.egoless.didattica.app.bean.AssenzaBeanTest" name="testSetNote" time="0.015">
    
      <failure message="expected:&lt;false&gt; but was:&lt;true&gt;" type="junit.framework.AssertionFailedError">junit.framework.AssertionFailedError: expected:&lt;false&gt; but was:&lt;true&gt;
	at nu.mine.egoless.didattica.app.bean.AssenzaBeanTest.testSetNote(AssenzaBeanTest.java:606)
</failure>

      </testcase>

      <testcase classname="nu.mine.egoless.didattica.app.bean.AssenzaBeanTest" name="testGetExtra" time="0.0">
    
      <failure message="The test case is a prototype." type="junit.framework.AssertionFailedError">junit.framework.AssertionFailedError: The test case is a prototype.
	at nu.mine.egoless.didattica.app.bean.AssenzaBeanTest.testGetExtra(AssenzaBeanTest.java:622)
</failure>

      </testcase>

      <testcase classname="nu.mine.egoless.didattica.app.bean.AssenzaBeanTest" name="testSetExtra" time="0.0">
    
      <failure message="The test case is a prototype." type="junit.framework.AssertionFailedError">junit.framework.AssertionFailedError: The test case is a prototype.
	at nu.mine.egoless.didattica.app.bean.AssenzaBeanTest.testSetExtra(AssenzaBeanTest.java:637)
</failure>

      </testcase>

      <testcase classname="nu.mine.egoless.didattica.app.bean.AssenzaBeanTest" name="testSalvaSuWS" time="0.703"></testcase>

      <testcase classname="nu.mine.egoless.didattica.app.bean.AssenzaBeanTest" name="testCaricaDaWS" time="0.188"></testcase>

      <testcase classname="nu.mine.egoless.didattica.app.bean.AssenzaBeanTest" name="testCancellaAssenza" time="0.281"></testcase>

      <system-out><![CDATA[getId
getDataInizio
setDataInizio
getDataFine
setDataFine
isGiustificata
setGiustificata
setIdStudente
getIdTipoAssenza
setIdTipoAssenza
getNote
setNote
getExtra
setExtra
salvaSuWS
caricaDaWS
cancellaAssenza
]]></system-out>

      <system-err><![CDATA[]]></system-err>

  </testsuite>
  <testsuite errors="0" failures="3" id="1" name="ClasseBeanTest" package="nu.mine.egoless.didattica.app.bean" tests="11" time="1.281">
  
    <properties>
[...]
</properties>

      <testcase classname="nu.mine.egoless.didattica.app.bean.ClasseBeanTest" name="testGetId" time="0.016"></testcase>

      <testcase classname="nu.mine.egoless.didattica.app.bean.ClasseBeanTest" name="testGetAnnoCorso" time="0.0"></testcase>

      <testcase classname="nu.mine.egoless.didattica.app.bean.ClasseBeanTest" name="testSetAnnoCorso" time="0.0"></testcase>

      <testcase classname="nu.mine.egoless.didattica.app.bean.ClasseBeanTest" name="testSetIndirizzoStudi" time="0.0"></testcase>

      <testcase classname="nu.mine.egoless.didattica.app.bean.ClasseBeanTest" name="testGetIndirizzoStudi" time="0.0"></testcase>

      <testcase classname="nu.mine.egoless.didattica.app.bean.ClasseBeanTest" name="testGetSezione" time="0.0"></testcase>

      <testcase classname="nu.mine.egoless.didattica.app.bean.ClasseBeanTest" name="testSetSezione" time="0.0">
    
      <failure message="expected:&lt;true&gt; but was:&lt;false&gt;" type="junit.framework.AssertionFailedError">junit.framework.AssertionFailedError: expected:&lt;true&gt; but was:&lt;false&gt;
	at nu.mine.egoless.didattica.app.bean.ClasseBeanTest.testSetSezione(ClasseBeanTest.java:220)
</failure>

      </testcase>

      <testcase classname="nu.mine.egoless.didattica.app.bean.ClasseBeanTest" name="testGetExtra" time="0.0">
    
      <failure message="The test case is a prototype." type="junit.framework.AssertionFailedError">junit.framework.AssertionFailedError: The test case is a prototype.
	at nu.mine.egoless.didattica.app.bean.ClasseBeanTest.testGetExtra(ClasseBeanTest.java:250)
</failure>

      </testcase>

      <testcase classname="nu.mine.egoless.didattica.app.bean.ClasseBeanTest" name="testSetExtra" time="0.0">
    
      <failure message="The test case is a prototype." type="junit.framework.AssertionFailedError">junit.framework.AssertionFailedError: The test case is a prototype.
	at nu.mine.egoless.didattica.app.bean.ClasseBeanTest.testSetExtra(ClasseBeanTest.java:265)
</failure>

      </testcase>

      <testcase classname="nu.mine.egoless.didattica.app.bean.ClasseBeanTest" name="testSalvaSuWS" time="0.688"></testcase>

      <testcase classname="nu.mine.egoless.didattica.app.bean.ClasseBeanTest" name="testCancellaClasse" time="0.531"></testcase>

      <system-out><![CDATA[getId
getAnnoCorso
setAnnoCorso
setIndirizzoStudi
getIndirizzoStudi
getSezione
setSezione
getExtra
setExtra
salvaSuWS
cancellaClasse
]]></system-out>

      <system-err><![CDATA[]]></system-err>

  </testsuite>
  <testsuite errors="0" failures="9" id="2" name="ContattoBeanTest" package="nu.mine.egoless.didattica.app.bean" tests="23" time="1.219">
  
    <properties>
[...]
</properties>

      <testcase classname="nu.mine.egoless.didattica.app.bean.ContattoBeanTest" name="testGetId" time="0.016"></testcase>

      <testcase classname="nu.mine.egoless.didattica.app.bean.ContattoBeanTest" name="testGetVia" time="0.0"></testcase>

      <testcase classname="nu.mine.egoless.didattica.app.bean.ContattoBeanTest" name="testSetVia" time="0.031">
    
      <failure message="expected:&lt;false&gt; but was:&lt;true&gt;" type="junit.framework.AssertionFailedError">junit.framework.AssertionFailedError: expected:&lt;false&gt; but was:&lt;true&gt;
	at nu.mine.egoless.didattica.app.bean.ContattoBeanTest.testSetVia(ContattoBeanTest.java:167)
</failure>

      </testcase>

      <testcase classname="nu.mine.egoless.didattica.app.bean.ContattoBeanTest" name="testGetCivico" time="0.0"></testcase>

      <testcase classname="nu.mine.egoless.didattica.app.bean.ContattoBeanTest" name="testSetCivico" time="0.0">
    
      <failure message="expected:&lt;false&gt; but was:&lt;true&gt;" type="junit.framework.AssertionFailedError">junit.framework.AssertionFailedError: expected:&lt;false&gt; but was:&lt;true&gt;
	at nu.mine.egoless.didattica.app.bean.ContattoBeanTest.testSetCivico(ContattoBeanTest.java:279)
</failure>

      </testcase>

      <testcase classname="nu.mine.egoless.didattica.app.bean.ContattoBeanTest" name="testGetCAP" time="0.0"></testcase>

      <testcase classname="nu.mine.egoless.didattica.app.bean.ContattoBeanTest" name="testSetCAP" time="0.015">
    
      <failure message="expected:&lt;false&gt; but was:&lt;true&gt;" type="junit.framework.AssertionFailedError">junit.framework.AssertionFailedError: expected:&lt;false&gt; but was:&lt;true&gt;
	at nu.mine.egoless.didattica.app.bean.ContattoBeanTest.testSetCAP(ContattoBeanTest.java:391)
</failure>

      </testcase>

      <testcase classname="nu.mine.egoless.didattica.app.bean.ContattoBeanTest" name="testGetCitta" time="0.0"></testcase>

      <testcase classname="nu.mine.egoless.didattica.app.bean.ContattoBeanTest" name="testSetCitta" time="0.016">
    
      <failure message="expected:&lt;false&gt; but was:&lt;true&gt;" type="junit.framework.AssertionFailedError">junit.framework.AssertionFailedError: expected:&lt;false&gt; but was:&lt;true&gt;
	at nu.mine.egoless.didattica.app.bean.ContattoBeanTest.testSetCitta(ContattoBeanTest.java:502)
</failure>

      </testcase>

      <testcase classname="nu.mine.egoless.didattica.app.bean.ContattoBeanTest" name="testGetProvincia" time="0.0"></testcase>

      <testcase classname="nu.mine.egoless.didattica.app.bean.ContattoBeanTest" name="testSetProvincia" time="0.015">
    
      <failure message="expected:&lt;false&gt; but was:&lt;true&gt;" type="junit.framework.AssertionFailedError">junit.framework.AssertionFailedError: expected:&lt;false&gt; but was:&lt;true&gt;
	at nu.mine.egoless.didattica.app.bean.ContattoBeanTest.testSetProvincia(ContattoBeanTest.java:613)
</failure>

      </testcase>

      <testcase classname="nu.mine.egoless.didattica.app.bean.ContattoBeanTest" name="testGetTelefonoPrincipale" time="0.0"></testcase>

      <testcase classname="nu.mine.egoless.didattica.app.bean.ContattoBeanTest" name="testSetTelefonoPrincipale" time="0.016">
    
      <failure message="expected:&lt;false&gt; but was:&lt;true&gt;" type="junit.framework.AssertionFailedError">junit.framework.AssertionFailedError: expected:&lt;false&gt; but was:&lt;true&gt;
	at nu.mine.egoless.didattica.app.bean.ContattoBeanTest.testSetTelefonoPrincipale(ContattoBeanTest.java:724)
</failure>

      </testcase>

      <testcase classname="nu.mine.egoless.didattica.app.bean.ContattoBeanTest" name="testGetTelefonoSecondario" time="0.0"></testcase>

      <testcase classname="nu.mine.egoless.didattica.app.bean.ContattoBeanTest" name="testSetTelefonoSecondario" time="0.016">
    
      <failure message="expected:&lt;false&gt; but was:&lt;true&gt;" type="junit.framework.AssertionFailedError">junit.framework.AssertionFailedError: expected:&lt;false&gt; but was:&lt;true&gt;
	at nu.mine.egoless.didattica.app.bean.ContattoBeanTest.testSetTelefonoSecondario(ContattoBeanTest.java:836)
</failure>

      </testcase>

      <testcase classname="nu.mine.egoless.didattica.app.bean.ContattoBeanTest" name="testGetFax" time="0.0"></testcase>

      <testcase classname="nu.mine.egoless.didattica.app.bean.ContattoBeanTest" name="testSetFax" time="0.0">
    
      <failure message="expected:&lt;false&gt; but was:&lt;true&gt;" type="junit.framework.AssertionFailedError">junit.framework.AssertionFailedError: expected:&lt;false&gt; but was:&lt;true&gt;
	at nu.mine.egoless.didattica.app.bean.ContattoBeanTest.testSetFax(ContattoBeanTest.java:947)
</failure>

      </testcase>

      <testcase classname="nu.mine.egoless.didattica.app.bean.ContattoBeanTest" name="testSetIdNazione" time="0.015"></testcase>

      <testcase classname="nu.mine.egoless.didattica.app.bean.ContattoBeanTest" name="testSetIdPersona" time="0.0"></testcase>

      <testcase classname="nu.mine.egoless.didattica.app.bean.ContattoBeanTest" name="testGetContatto" time="0.0">
    
      <failure message="expected:&lt;nu.mine.egoless.didattica.ws.contattoclient.Contatto@a18aa2&gt; but was:&lt;nu.mine.egoless.didattica.ws.contattoclient.Contatto@194ca6c&gt;" type="junit.framework.AssertionFailedError">junit.framework.AssertionFailedError: expected:&lt;nu.mine.egoless.didattica.ws.contattoclient.Contatto@a18aa2&gt; but was:&lt;nu.mine.egoless.didattica.ws.contattoclient.Contatto@194ca6c&gt;
	at nu.mine.egoless.didattica.app.bean.ContattoBeanTest.testGetContatto(ContattoBeanTest.java:1054)
</failure>

      </testcase>

      <testcase classname="nu.mine.egoless.didattica.app.bean.ContattoBeanTest" name="testSalvaSuWS" time="0.547"></testcase>

      <testcase classname="nu.mine.egoless.didattica.app.bean.ContattoBeanTest" name="testCaricaDaWS" time="0.188"></testcase>

      <testcase classname="nu.mine.egoless.didattica.app.bean.ContattoBeanTest" name="testCancellaContatto" time="0.297"></testcase>

      <system-out><![CDATA[getId
getVia
setVia
getCivico
setCivico
getCAP
setCAP
getCitta
setCitta
getProvincia
setProvincia
getTelefonoPrincipale
setTelefonoPrincipale
getTelefonoSecondario
setTelefonoSecondario
getFax
setFax
setIdNazione
setIdPersona
getContatto
salvaSuWS
caricaDaWS
cancellaContatto
]]></system-out>

      <system-err><![CDATA[]]></system-err>

  </testsuite>
  <testsuite errors="0" failures="4" id="3" name="InsegnanteBeanTest" package="nu.mine.egoless.didattica.app.bean" tests="8" time="1.625">
  
    <properties>
[...]
</properties>

      <testcase classname="nu.mine.egoless.didattica.app.bean.InsegnanteBeanTest" name="testGetDataAssunzione" time="0.031"></testcase>

      <testcase classname="nu.mine.egoless.didattica.app.bean.InsegnanteBeanTest" name="testSetDataAssunzione" time="0.031">
    
      <failure message="expected:&lt;false&gt; but was:&lt;true&gt;" type="junit.framework.AssertionFailedError">junit.framework.AssertionFailedError: expected:&lt;false&gt; but was:&lt;true&gt;
	at nu.mine.egoless.didattica.app.bean.InsegnanteBeanTest.testSetDataAssunzione(InsegnanteBeanTest.java:156)
</failure>

      </testcase>

      <testcase classname="nu.mine.egoless.didattica.app.bean.InsegnanteBeanTest" name="testGetInsegnante" time="0.016">
    
      <failure message="expected:&lt;null&gt; but was:&lt;nu.mine.egoless.didattica.ws.personaclient.Insegnante@e39a3e&gt;" type="junit.framework.AssertionFailedError">junit.framework.AssertionFailedError: expected:&lt;null&gt; but was:&lt;nu.mine.egoless.didattica.ws.personaclient.Insegnante@e39a3e&gt;
	at nu.mine.egoless.didattica.app.bean.InsegnanteBeanTest.testGetInsegnante(InsegnanteBeanTest.java:169)
</failure>

      </testcase>

      <testcase classname="nu.mine.egoless.didattica.app.bean.InsegnanteBeanTest" name="testSetIdMateria" time="0.0"></testcase>

      <testcase classname="nu.mine.egoless.didattica.app.bean.InsegnanteBeanTest" name="testGetIdMateria" time="0.0"></testcase>

      <testcase classname="nu.mine.egoless.didattica.app.bean.InsegnanteBeanTest" name="testCaricaDaWS" time="0.75"></testcase>

      <testcase classname="nu.mine.egoless.didattica.app.bean.InsegnanteBeanTest" name="testSalvaSuWS" time="0.39">
    
      <failure type="junit.framework.AssertionFailedError">junit.framework.AssertionFailedError
	at nu.mine.egoless.didattica.app.bean.InsegnanteBeanTest.testSalvaSuWS(InsegnanteBeanTest.java:321)
</failure>

      </testcase>

      <testcase classname="nu.mine.egoless.didattica.app.bean.InsegnanteBeanTest" name="testCancellaInsegnante" time="0.36">
    
      <failure type="junit.framework.AssertionFailedError">junit.framework.AssertionFailedError
	at nu.mine.egoless.didattica.app.bean.InsegnanteBeanTest.testCancellaInsegnante(InsegnanteBeanTest.java:334)
</failure>

      </testcase>

      <system-out><![CDATA[getDataAssunzione
setDataAssunzione
getInsegnante
setIdMateria
getIdMateria
caricaDaWS
salvaSuWS
cancellaInsegnante
]]></system-out>

      <system-err><![CDATA[]]></system-err>

  </testsuite>
  <testsuite errors="0" failures="0" id="4" name="MaterieInsegnamentoBeanTest" package="nu.mine.egoless.didattica.app.bean" tests="3" time="1.531">
  
    <properties>
[...]
</properties>

      <testcase classname="nu.mine.egoless.didattica.app.bean.MaterieInsegnamentoBeanTest" name="testCaricaMaterie" time="1.14"></testcase>

      <testcase classname="nu.mine.egoless.didattica.app.bean.MaterieInsegnamentoBeanTest" name="testRitornaNumeroDiMaterie" time="0.203"></testcase>

      <testcase classname="nu.mine.egoless.didattica.app.bean.MaterieInsegnamentoBeanTest" name="testGetMateriaAt" time="0.141"></testcase>

      <system-out><![CDATA[caricaMaterie
ritornaNumeroDiMaterie
getMateriaAt
]]></system-out>

      <system-err><![CDATA[]]></system-err>

  </testsuite>
  <testsuite errors="0" failures="0" id="5" name="NazioniBeanTest" package="nu.mine.egoless.didattica.app.bean" tests="3" time="0.938">
  
    <properties>
[...]
</properties>

      <testcase classname="nu.mine.egoless.didattica.app.bean.NazioniBeanTest" name="testCaricaNazioni" time="0.422"></testcase>

      <testcase classname="nu.mine.egoless.didattica.app.bean.NazioniBeanTest" name="testRitornaNumeroDiNazioni" time="0.266"></testcase>

      <testcase classname="nu.mine.egoless.didattica.app.bean.NazioniBeanTest" name="testGetNazioneAt" time="0.219"></testcase>

      <system-out><![CDATA[caricaNazioni
ritornaNumeroDiNazioni
getNazioneAt
]]></system-out>

      <system-err><![CDATA[]]></system-err>

  </testsuite>
  <testsuite errors="0" failures="0" id="6" name="ReligioniBeanTest" package="nu.mine.egoless.didattica.app.bean" tests="3" time="0.954">
  
    <properties>
[...]
</properties>

      <testcase classname="nu.mine.egoless.didattica.app.bean.ReligioniBeanTest" name="testCaricaReligioni" time="0.422"></testcase>

      <testcase classname="nu.mine.egoless.didattica.app.bean.ReligioniBeanTest" name="testRitornaNumeroDiReligioni" time="0.266"></testcase>

      <testcase classname="nu.mine.egoless.didattica.app.bean.ReligioniBeanTest" name="testGetReligioneAt" time="0.219"></testcase>

      <system-out><![CDATA[caricaReligioni
ritornaNumeroDiReligioni
getReligioneAt
]]></system-out>

      <system-err><![CDATA[]]></system-err>

  </testsuite>
  <testsuite errors="0" failures="4" id="7" name="StudenteBeanTest" package="nu.mine.egoless.didattica.app.bean" tests="9" time="3.578">
  
    <properties>
[...]
</properties>

      <testcase classname="nu.mine.egoless.didattica.app.bean.StudenteBeanTest" name="testGetMatricola" time="0.0"></testcase>

      <testcase classname="nu.mine.egoless.didattica.app.bean.StudenteBeanTest" name="testSetMatricola" time="0.016">
    
      <failure message="expected:&lt;false&gt; but was:&lt;true&gt;" type="junit.framework.AssertionFailedError">junit.framework.AssertionFailedError: expected:&lt;false&gt; but was:&lt;true&gt;
	at nu.mine.egoless.didattica.app.bean.StudenteBeanTest.testSetMatricola(StudenteBeanTest.java:154)
</failure>

      </testcase>

      <testcase classname="nu.mine.egoless.didattica.app.bean.StudenteBeanTest" name="testGetIdClasse" time="0.0"></testcase>

      <testcase classname="nu.mine.egoless.didattica.app.bean.StudenteBeanTest" name="testSetIdClasse" time="0.0"></testcase>

      <testcase classname="nu.mine.egoless.didattica.app.bean.StudenteBeanTest" name="testGetDataIscrizione" time="0.031"></testcase>

      <testcase classname="nu.mine.egoless.didattica.app.bean.StudenteBeanTest" name="testSetDataIscrizione" time="0.015">
    
      <failure message="expected:&lt;false&gt; but was:&lt;true&gt;" type="junit.framework.AssertionFailedError">junit.framework.AssertionFailedError: expected:&lt;false&gt; but was:&lt;true&gt;
	at nu.mine.egoless.didattica.app.bean.StudenteBeanTest.testSetDataIscrizione(StudenteBeanTest.java:327)
</failure>

      </testcase>

      <testcase classname="nu.mine.egoless.didattica.app.bean.StudenteBeanTest" name="testSalvaSuWS" time="2.735">
    
      <failure type="junit.framework.AssertionFailedError">junit.framework.AssertionFailedError
	at nu.mine.egoless.didattica.app.bean.StudenteBeanTest.testSalvaSuWS(StudenteBeanTest.java:386)
</failure>

      </testcase>

      <testcase classname="nu.mine.egoless.didattica.app.bean.StudenteBeanTest" name="testCaricaDaWS" time="0.312"></testcase>

      <testcase classname="nu.mine.egoless.didattica.app.bean.StudenteBeanTest" name="testCancellaStudente" time="0.422">
    
      <failure type="junit.framework.AssertionFailedError">junit.framework.AssertionFailedError
	at nu.mine.egoless.didattica.app.bean.StudenteBeanTest.testCancellaStudente(StudenteBeanTest.java:429)
</failure>

      </testcase>

      <system-out><![CDATA[getMatricola
setMatricola
getIdClasse
setIdClasse
getDataIscrizione
setDataIscrizione
salvaSuWS
caricaDaWS
cancellaStudente
]]></system-out>

      <system-err><![CDATA[]]></system-err>

  </testsuite>
  <testsuite errors="0" failures="0" id="8" name="TipiAssenzeBeanTest" package="nu.mine.egoless.didattica.app.bean" tests="5" time="1.0">
  
    <properties>
[...]
</properties>

      <testcase classname="nu.mine.egoless.didattica.app.bean.TipiAssenzeBeanTest" name="testCaricaTipiAssenze" time="0.437"></testcase>

      <testcase classname="nu.mine.egoless.didattica.app.bean.TipiAssenzeBeanTest" name="testRitornaNumeroDiTipiAssenze" time="0.157"></testcase>

      <testcase classname="nu.mine.egoless.didattica.app.bean.TipiAssenzeBeanTest" name="testGetTipoAssenzaAt" time="0.125"></testcase>

      <testcase classname="nu.mine.egoless.didattica.app.bean.TipiAssenzeBeanTest" name="testRimuoviTipoAssenzaAt" time="0.109"></testcase>

      <testcase classname="nu.mine.egoless.didattica.app.bean.TipiAssenzeBeanTest" name="testSostituisciTipoAssenzaAt" time="0.125"></testcase>

      <system-out><![CDATA[caricaTipiAssenze
ritornaNumeroDiTipiAssenze
getTipoAssenzaAt
rimuoviTipoAssenzaAt
sostituisciTipoAssenzaAt
]]></system-out>

      <system-err><![CDATA[]]></system-err>

  </testsuite>
  <testsuite errors="0" failures="0" id="9" name="TipiVotiBeanTest" package="nu.mine.egoless.didattica.app.bean" tests="5" time="1.14">
  
    <properties>
[...]
</properties>

      <testcase classname="nu.mine.egoless.didattica.app.bean.TipiVotiBeanTest" name="testCaricaTipiVoti" time="0.468"></testcase>

      <testcase classname="nu.mine.egoless.didattica.app.bean.TipiVotiBeanTest" name="testRitornaNumeroDiTipiVoti" time="0.157"></testcase>

      <testcase classname="nu.mine.egoless.didattica.app.bean.TipiVotiBeanTest" name="testGetTipoVotoAt" time="0.14"></testcase>

      <testcase classname="nu.mine.egoless.didattica.app.bean.TipiVotiBeanTest" name="testRimuoviTipoVotoAt" time="0.125"></testcase>

      <testcase classname="nu.mine.egoless.didattica.app.bean.TipiVotiBeanTest" name="testSostituisciTipoVotoAt" time="0.203"></testcase>

      <system-out><![CDATA[caricaTipiVoti
ritornaNumeroDiTipiVoti
getTipoVotoAt
rimuoviTipoVotoAt
sostituisciTipoVotoAt
]]></system-out>

      <system-err><![CDATA[]]></system-err>

  </testsuite>
  <testsuite errors="0" failures="0" id="10" name="TipoAssenzaBeanTest" package="nu.mine.egoless.didattica.app.bean" tests="4" time="1.61">
  
    <properties>
[...]
</properties>

      <testcase classname="nu.mine.egoless.didattica.app.bean.TipoAssenzaBeanTest" name="testGetDescrizione" time="0.032"></testcase>

      <testcase classname="nu.mine.egoless.didattica.app.bean.TipoAssenzaBeanTest" name="testSetDescrizione" time="0.0"></testcase>

      <testcase classname="nu.mine.egoless.didattica.app.bean.TipoAssenzaBeanTest" name="testSalvaSuWS" time="1.343"></testcase>

      <testcase classname="nu.mine.egoless.didattica.app.bean.TipoAssenzaBeanTest" name="testCancellaTipoAssenza" time="0.188"></testcase>

      <system-out><![CDATA[getDescrizione
setDescrizione
salvaSuWS
cancellaTipoAssenza
]]></system-out>

      <system-err><![CDATA[]]></system-err>

  </testsuite>
  <testsuite errors="0" failures="0" id="11" name="TipoVotoBeanTest" package="nu.mine.egoless.didattica.app.bean" tests="4" time="0.781">
  
    <properties>
[...]
</properties>

      <testcase classname="nu.mine.egoless.didattica.app.bean.TipoVotoBeanTest" name="testGetDescrizione" time="0.016"></testcase>

      <testcase classname="nu.mine.egoless.didattica.app.bean.TipoVotoBeanTest" name="testSetDescrizione" time="0.0"></testcase>

      <testcase classname="nu.mine.egoless.didattica.app.bean.TipoVotoBeanTest" name="testSalvaSuWS" time="0.531"></testcase>

      <testcase classname="nu.mine.egoless.didattica.app.bean.TipoVotoBeanTest" name="testCancellaTipoVoto" time="0.203"></testcase>

      <system-out><![CDATA[getDescrizione
setDescrizione
salvaSuWS
cancellaTipoVoto
]]></system-out>

      <system-err><![CDATA[]]></system-err>

  </testsuite>
  <testsuite errors="0" failures="4" id="12" name="VotoBeanTest" package="nu.mine.egoless.didattica.app.bean" tests="19" time="1.094">
  
    <properties>
[...]
</properties>

      <testcase classname="nu.mine.egoless.didattica.app.bean.VotoBeanTest" name="testGetId" time="0.0"></testcase>

      <testcase classname="nu.mine.egoless.didattica.app.bean.VotoBeanTest" name="testGetDataOra" time="0.015"></testcase>

      <testcase classname="nu.mine.egoless.didattica.app.bean.VotoBeanTest" name="testSetDataOra" time="0.032">
    
      <failure message="expected:&lt;false&gt; but was:&lt;true&gt;" type="junit.framework.AssertionFailedError">junit.framework.AssertionFailedError: expected:&lt;false&gt; but was:&lt;true&gt;
	at nu.mine.egoless.didattica.app.bean.VotoBeanTest.testSetDataOra(VotoBeanTest.java:175)
</failure>

      </testcase>

      <testcase classname="nu.mine.egoless.didattica.app.bean.VotoBeanTest" name="testGetValore" time="0.0"></testcase>

      <testcase classname="nu.mine.egoless.didattica.app.bean.VotoBeanTest" name="testSetValore" time="0.015"></testcase>

      <testcase classname="nu.mine.egoless.didattica.app.bean.VotoBeanTest" name="testGetExtra" time="0.0">
    
      <failure message="The test case is a prototype." type="junit.framework.AssertionFailedError">junit.framework.AssertionFailedError: The test case is a prototype.
	at nu.mine.egoless.didattica.app.bean.VotoBeanTest.testGetExtra(VotoBeanTest.java:249)
</failure>

      </testcase>

      <testcase classname="nu.mine.egoless.didattica.app.bean.VotoBeanTest" name="testSetExtra" time="0.0">
    
      <failure message="The test case is a prototype." type="junit.framework.AssertionFailedError">junit.framework.AssertionFailedError: The test case is a prototype.
	at nu.mine.egoless.didattica.app.bean.VotoBeanTest.testSetExtra(VotoBeanTest.java:264)
</failure>

      </testcase>

      <testcase classname="nu.mine.egoless.didattica.app.bean.VotoBeanTest" name="testSetIdInsegnante" time="0.0"></testcase>

      <testcase classname="nu.mine.egoless.didattica.app.bean.VotoBeanTest" name="testGetIdInsegnante" time="0.0"></testcase>

      <testcase classname="nu.mine.egoless.didattica.app.bean.VotoBeanTest" name="testSetIdMateria" time="0.0"></testcase>

      <testcase classname="nu.mine.egoless.didattica.app.bean.VotoBeanTest" name="testGetIdMateria" time="0.0"></testcase>

      <testcase classname="nu.mine.egoless.didattica.app.bean.VotoBeanTest" name="testSetIdStudente" time="0.016"></testcase>

      <testcase classname="nu.mine.egoless.didattica.app.bean.VotoBeanTest" name="testGetIdStudente" time="0.0"></testcase>

      <testcase classname="nu.mine.egoless.didattica.app.bean.VotoBeanTest" name="testSetIdTipoVoto" time="0.0"></testcase>

      <testcase classname="nu.mine.egoless.didattica.app.bean.VotoBeanTest" name="testGetIdTipoVoto" time="0.0"></testcase>

      <testcase classname="nu.mine.egoless.didattica.app.bean.VotoBeanTest" name="testCaricaDaWS" time="0.531"></testcase>

      <testcase classname="nu.mine.egoless.didattica.app.bean.VotoBeanTest" name="testSalvaSuWS" time="0.156"></testcase>

      <testcase classname="nu.mine.egoless.didattica.app.bean.VotoBeanTest" name="testGetVoto" time="0.0">
    
      <failure message="expected:&lt;null&gt; but was:&lt;nu.mine.egoless.didattica.ws.votoclient.Voto@1e0f2f6&gt;" type="junit.framework.AssertionFailedError">junit.framework.AssertionFailedError: expected:&lt;null&gt; but was:&lt;nu.mine.egoless.didattica.ws.votoclient.Voto@1e0f2f6&gt;
	at nu.mine.egoless.didattica.app.bean.VotoBeanTest.testGetVoto(VotoBeanTest.java:609)
</failure>

      </testcase>

      <testcase classname="nu.mine.egoless.didattica.app.bean.VotoBeanTest" name="testCancellaVoto" time="0.282"></testcase>

      <system-out><![CDATA[getId
getDataOra
setDataOra
getValore
setValore
getExtra
setExtra
setIdInsegnante
getIdInsegnante
setIdMateria
getIdMateria
setIdStudente
getIdStudente
setIdTipoVoto
getIdTipoVoto
caricaDaWS
salvaSuWS
getVoto
cancellaVoto
]]></system-out>

      <system-err><![CDATA[]]></system-err>

  </testsuite>
</testsuites>
