<?xml version="1.0" encoding="UTF-8" ?>
<testsuites>
  <testsuite errors="0" failures="0" id="0" name="AssenzaDriverTest" package="ws.didattica.driver" tests="4" time="5.203">
  
    <properties>
[...]
</properties>

      <testcase classname="ws.didattica.driver.AssenzaDriverTest" name="testDriverAggiungiAssenza" time="2.641"></testcase>

      <testcase classname="ws.didattica.driver.AssenzaDriverTest" name="testDriverModificaAssenza" time="1.015"></testcase>

      <testcase classname="ws.didattica.driver.AssenzaDriverTest" name="testDriverCancellaAssenza" time="0.875"></testcase>

      <testcase classname="ws.didattica.driver.AssenzaDriverTest" name="testDriverCercaAssenza" time="0.61"></testcase>

      <system-out><![CDATA[Result = 99
driverAggiungiAssenza
Result = 1
Result = 1
Result = 99
driverModificaAssenza
Result = 99
driverCancellaAssenza
Result = 99
driverCercaAssenza
Result = [ws.didattica.driver.assenzaclient.Assenza@1b9f88b]
]]></system-out>

      <system-err><![CDATA[]]></system-err>

  </testsuite>
  <testsuite errors="0" failures="0" id="1" name="ClasseDriverTest" package="ws.didattica.driver" tests="3" time="3.546">
  
    <properties>
[...]
</properties>

      <testcase classname="ws.didattica.driver.ClasseDriverTest" name="testDriverAggiungiClasse" time="1.985"></testcase>

      <testcase classname="ws.didattica.driver.ClasseDriverTest" name="testDriverCancellaClasse" time="0.906"></testcase>

      <testcase classname="ws.didattica.driver.ClasseDriverTest" name="testDriverRecuperaClassi" time="0.609"></testcase>

      <system-out><![CDATA[Result = 99
driverAggiungiClasse
Result = 1
Result = 99
driverCancellaClasse
Result = 99
driverRecuperaClassi
]]></system-out>

      <system-err><![CDATA[]]></system-err>

  </testsuite>
  <testsuite errors="0" failures="0" id="2" name="ContattoDriverTest" package="ws.didattica.driver" tests="4" time="4.344">
  
    <properties>
[...]
</properties>

      <testcase classname="ws.didattica.driver.ContattoDriverTest" name="testDriverAggiungiContatto" time="1.922"></testcase>

      <testcase classname="ws.didattica.driver.ContattoDriverTest" name="testDriverModificaContatto" time="0.906"></testcase>

      <testcase classname="ws.didattica.driver.ContattoDriverTest" name="testDriverCancellaContatto" time="0.859"></testcase>

      <testcase classname="ws.didattica.driver.ContattoDriverTest" name="testDriverCercaContatto" time="0.61"></testcase>

      <system-out><![CDATA[Result = 99
driverAggiungiContatto
Result = 1
Result = 1
Result = 99
driverModificaContatto
Result = 99
driverCancellaContatto
Result = 99
driverCercaContatto
Result = [ws.didattica.driver.contattoclient.Contatto@14124d6]
]]></system-out>

      <system-err><![CDATA[]]></system-err>

  </testsuite>
  <testsuite errors="0" failures="0" id="3" name="MateriaDriverTest" package="ws.didattica.driver" tests="3" time="3.406">
  
    <properties>
[...]
</properties>

      <testcase classname="ws.didattica.driver.MateriaDriverTest" name="testDriverAggiungiMateria" time="1.891"></testcase>

      <testcase classname="ws.didattica.driver.MateriaDriverTest" name="testDriverCancellaMateria" time="0.875"></testcase>

      <testcase classname="ws.didattica.driver.MateriaDriverTest" name="testDriverRecuperaMaterie" time="0.593"></testcase>

      <system-out><![CDATA[Result = 99
driverAggiungiMateria
Result = 1
Result = 99
driverCancellaMateria
Result = 99
driverRecuperaMaterie
Result = [ws.didattica.driver.materiaclient.MateriaInsegnamento@1fbc355]
]]></system-out>

      <system-err><![CDATA[]]></system-err>

  </testsuite>
  <testsuite errors="0" failures="0" id="4" name="NazioneDriverTest" package="ws.didattica.driver" tests="1" time="1.328">
  
    <properties>
[...]
</properties>

      <testcase classname="ws.didattica.driver.NazioneDriverTest" name="testDriverRecuperaNazioni" time="1.281"></testcase>

      <system-out><![CDATA[driverRecuperaNazioni
Result = []
Result = [ws.didattica.driver.nazioneclient.Nazione@e22f2b]
Pippo
]]></system-out>

      <system-err><![CDATA[]]></system-err>

  </testsuite>
  <testsuite errors="0" failures="0" id="5" name="PersonaDriverTest" package="ws.didattica.driver" tests="12" time="16.078">
  
    <properties>
[...]
</properties>

      <testcase classname="ws.didattica.driver.PersonaDriverTest" name="testDriverAggiungiStudente" time="2.906"></testcase>

      <testcase classname="ws.didattica.driver.PersonaDriverTest" name="testDriverModificaStudente" time="1.39"></testcase>

      <testcase classname="ws.didattica.driver.PersonaDriverTest" name="testDriverCancellaStudente" time="1.375"></testcase>

      <testcase classname="ws.didattica.driver.PersonaDriverTest" name="testDriverCercaStudente" time="1.094"></testcase>

      <testcase classname="ws.didattica.driver.PersonaDriverTest" name="testDriverAggiungiDocente" time="1.36"></testcase>

      <testcase classname="ws.didattica.driver.PersonaDriverTest" name="testDriverModificaDocente" time="1.187"></testcase>

      <testcase classname="ws.didattica.driver.PersonaDriverTest" name="testDriverCancellaDocente" time="1.172"></testcase>

      <testcase classname="ws.didattica.driver.PersonaDriverTest" name="testDriverCercaDocente" time="1.062"></testcase>

      <testcase classname="ws.didattica.driver.PersonaDriverTest" name="testSetMaterie" time="1.204"></testcase>

      <testcase classname="ws.didattica.driver.PersonaDriverTest" name="testGetClasse" time="1.015"></testcase>

      <testcase classname="ws.didattica.driver.PersonaDriverTest" name="testSetClasse" time="1.25"></testcase>

      <testcase classname="ws.didattica.driver.PersonaDriverTest" name="testGetMaterie" time="1.016"></testcase>

      <system-out><![CDATA[Result = 99
Result = 98
driverAggiungiStudente
Result = 1
Result = 1
Result = 99
Result = 98
driverModificaStudente
Result = 99
Result = 98
driverCancellaStudente
Result = 99
Result = 98
driverCercaStudente
Result = [ws.didattica.driver.personaclient.Studente@85a863]
Result = 99
Result = 98
driverAggiungiDocente
Result = 2
Result = 2
Result = 99
Result = 98
driverModificaDocente
Result = 99
Result = 98
driverCancellaDocente
Result = 99
Result = 98
driverCercaDocente
Result = 99
Result = 98
setMaterie
Result = 99
Result = 98
getClasse
Result = 99
Result = 98
setClasse
Result = 99
Result = 98
getMaterie
]]></system-out>

      <system-err><![CDATA[]]></system-err>

  </testsuite>
  <testsuite errors="0" failures="0" id="6" name="ReligioneDriverTest" package="ws.didattica.driver" tests="1" time="1.328">
  
    <properties>
[...]
</properties>

      <testcase classname="ws.didattica.driver.ReligioneDriverTest" name="testDriverRecuperaReligioni" time="1.281"></testcase>

      <system-out><![CDATA[driverRecuperaReligioni
Result = []
Result = [ws.didattica.driver.religioneclient.Religione@112da40]
Mormone
]]></system-out>

      <system-err><![CDATA[]]></system-err>

  </testsuite>
  <testsuite errors="0" failures="0" id="7" name="TipoAssenzaDriverTest" package="ws.didattica.driver" tests="3" time="3.344">
  
    <properties>
[...]
</properties>

      <testcase classname="ws.didattica.driver.TipoAssenzaDriverTest" name="testDriverAggiungiTipoAssenza" time="1.828"></testcase>

      <testcase classname="ws.didattica.driver.TipoAssenzaDriverTest" name="testDriverCancellaTipoAssenza" time="0.907"></testcase>

      <testcase classname="ws.didattica.driver.TipoAssenzaDriverTest" name="testDriverRecuperaTipiAssenza" time="0.562"></testcase>

      <system-out><![CDATA[Result = 99
driverAggiungiTipoAssenza
Result = 1
Result = 99
driverCancellaTipoAssenza
Result = 99
driverRecuperaTipiAssenza
Result = [ws.didattica.driver.tipoassenzaclient.TipoAssenza@1fbc355]
]]></system-out>

      <system-err><![CDATA[]]></system-err>

  </testsuite>
  <testsuite errors="0" failures="0" id="8" name="TipoProvaDriverTest" package="ws.didattica.driver" tests="3" time="2.859">
  
    <properties>
[...]
</properties>

      <testcase classname="ws.didattica.driver.TipoProvaDriverTest" name="testDriverAggiungiTipoProva" time="1.656"></testcase>

      <testcase classname="ws.didattica.driver.TipoProvaDriverTest" name="testDriverCancellaTipoProva" time="0.688"></testcase>

      <testcase classname="ws.didattica.driver.TipoProvaDriverTest" name="testDriverRecuperaTipiProva" time="0.468"></testcase>

      <system-out><![CDATA[Result = 99
driverAggiungiTipoProva
Result = 1
Result = 99
driverCancellaTipoProva
driverCancellaTipoVoto
Result = 99
driverRecuperaTipiProva
Result = [ws.didattica.driver.tipoprovaclient.TipoProva@83020]
]]></system-out>

      <system-err><![CDATA[]]></system-err>

  </testsuite>
  <testsuite errors="0" failures="0" id="9" name="TipoVotoDriverTest" package="ws.didattica.driver" tests="3" time="3.39">
  
    <properties>
[...]
</properties>

      <testcase classname="ws.didattica.driver.TipoVotoDriverTest" name="testDriverAggiungiTipoVoto" time="1.875"></testcase>

      <testcase classname="ws.didattica.driver.TipoVotoDriverTest" name="testDriverCancellaTipoVoto" time="0.86"></testcase>

      <testcase classname="ws.didattica.driver.TipoVotoDriverTest" name="testDriverRecuperaTipiVoto" time="0.609"></testcase>

      <system-out><![CDATA[Result = 99
driverAggiungiTipoVoto
Result = 1
Result = 99
driverCancellaTipoVoto
Result = 99
driverRecuperaTipiVoto
Result = [ws.didattica.driver.tipovotoclient.TipoVoto@1f2428d]
]]></system-out>

      <system-err><![CDATA[]]></system-err>

  </testsuite>
  <testsuite errors="0" failures="0" id="10" name="VotoDriverTest" package="ws.didattica.driver" tests="4" time="4.547">
  
    <properties>
[...]
</properties>

      <testcase classname="ws.didattica.driver.VotoDriverTest" name="testDriverAggiungiVoto" time="2.156"></testcase>

      <testcase classname="ws.didattica.driver.VotoDriverTest" name="testDriverModificaVoto" time="0.891"></testcase>

      <testcase classname="ws.didattica.driver.VotoDriverTest" name="testDriverCancellaVoto" time="0.859"></testcase>

      <testcase classname="ws.didattica.driver.VotoDriverTest" name="testDriverCercaVoto" time="0.594"></testcase>

      <system-out><![CDATA[Result = 99
driverAggiungiVoto
Result = 1
Result = 1
Result = 99
driverModificaVoto
Result = 99
driverCancellaVoto
Result = 99
driverCercaVoto
]]></system-out>

      <system-err><![CDATA[ws.didattica.driver.votoclient.WSDidatticaException_Exception: Non e' stato passato alcun voto
	at sun.reflect.NativeConstructorAccessorImpl.newInstance0(Native Method)
	at sun.reflect.NativeConstructorAccessorImpl.newInstance(NativeConstructorAccessorImpl.java:39)
	at sun.reflect.DelegatingConstructorAccessorImpl.newInstance(DelegatingConstructorAccessorImpl.java:27)
	at java.lang.reflect.Constructor.newInstance(Constructor.java:513)
	at com.sun.xml.internal.ws.encoding.soap.ClientEncoderDecoder.createCheckedException(ClientEncoderDecoder.java:275)
	at com.sun.xml.internal.ws.encoding.soap.ClientEncoderDecoder.toMessageInfo(ClientEncoderDecoder.java:93)
	at com.sun.xml.internal.ws.encoding.soap.client.SOAPXMLDecoder.toMessageInfo(SOAPXMLDecoder.java:211)
	at com.sun.xml.internal.ws.protocol.soap.client.SOAPMessageDispatcher.receive(SOAPMessageDispatcher.java:540)
	at com.sun.xml.internal.ws.protocol.soap.client.SOAPMessageDispatcher.doSend(SOAPMessageDispatcher.java:260)
	at com.sun.xml.internal.ws.protocol.soap.client.SOAPMessageDispatcher.send(SOAPMessageDispatcher.java:139)
	at com.sun.xml.internal.ws.encoding.soap.internal.DelegateBase.send(DelegateBase.java:86)
	at com.sun.xml.internal.ws.client.EndpointIFInvocationHandler.implementSEIMethod(EndpointIFInvocationHandler.java:174)
	at com.sun.xml.internal.ws.client.EndpointIFInvocationHandler.invoke(EndpointIFInvocationHandler.java:108)
	at $Proxy20.aggiungiVoto(Unknown Source)
	at ws.didattica.driver.VotoDriver.driverAggiungiVoto(VotoDriver.java:31)
	at ws.didattica.driver.VotoDriverTest.testDriverAggiungiVoto(VotoDriverTest.java:115)
	at sun.reflect.NativeMethodAccessorImpl.invoke0(Native Method)
	at sun.reflect.NativeMethodAccessorImpl.invoke(NativeMethodAccessorImpl.java:39)
	at sun.reflect.DelegatingMethodAccessorImpl.invoke(DelegatingMethodAccessorImpl.java:25)
	at java.lang.reflect.Method.invoke(Method.java:597)
	at junit.framework.TestCase.runTest(TestCase.java:154)
	at junit.framework.TestCase.runBare(TestCase.java:127)
	at junit.framework.TestResult$1.protect(TestResult.java:106)
	at junit.framework.TestResult.runProtected(TestResult.java:124)
	at junit.framework.TestResult.run(TestResult.java:109)
	at junit.framework.TestCase.run(TestCase.java:118)
	at junit.framework.TestSuite.runTest(TestSuite.java:208)
	at junit.framework.TestSuite.run(TestSuite.java:203)
	at org.apache.tools.ant.taskdefs.optional.junit.JUnitTestRunner.run(JUnitTestRunner.java:297)
	at org.apache.tools.ant.taskdefs.optional.junit.JUnitTestRunner.launch(JUnitTestRunner.java:672)
	at org.apache.tools.ant.taskdefs.optional.junit.JUnitTestRunner.main(JUnitTestRunner.java:567)
ws.didattica.driver.votoclient.WSDidatticaException_Exception: Il momento in cui il voto e' stato assegnato e' successivo all'istante attuale.
	at sun.reflect.NativeConstructorAccessorImpl.newInstance0(Native Method)
	at sun.reflect.NativeConstructorAccessorImpl.newInstance(NativeConstructorAccessorImpl.java:39)
	at sun.reflect.DelegatingConstructorAccessorImpl.newInstance(DelegatingConstructorAccessorImpl.java:27)
	at java.lang.reflect.Constructor.newInstance(Constructor.java:513)
	at com.sun.xml.internal.ws.encoding.soap.ClientEncoderDecoder.createCheckedException(ClientEncoderDecoder.java:275)
	at com.sun.xml.internal.ws.encoding.soap.ClientEncoderDecoder.toMessageInfo(ClientEncoderDecoder.java:93)
	at com.sun.xml.internal.ws.encoding.soap.client.SOAPXMLDecoder.toMessageInfo(SOAPXMLDecoder.java:211)
	at com.sun.xml.internal.ws.protocol.soap.client.SOAPMessageDispatcher.receive(SOAPMessageDispatcher.java:540)
	at com.sun.xml.internal.ws.protocol.soap.client.SOAPMessageDispatcher.doSend(SOAPMessageDispatcher.java:260)
	at com.sun.xml.internal.ws.protocol.soap.client.SOAPMessageDispatcher.send(SOAPMessageDispatcher.java:139)
	at com.sun.xml.internal.ws.encoding.soap.internal.DelegateBase.send(DelegateBase.java:86)
	at com.sun.xml.internal.ws.client.EndpointIFInvocationHandler.implementSEIMethod(EndpointIFInvocationHandler.java:174)
	at com.sun.xml.internal.ws.client.EndpointIFInvocationHandler.invoke(EndpointIFInvocationHandler.java:108)
	at $Proxy20.aggiungiVoto(Unknown Source)
	at ws.didattica.driver.VotoDriver.driverAggiungiVoto(VotoDriver.java:31)
	at ws.didattica.driver.VotoDriverTest.testDriverAggiungiVoto(VotoDriverTest.java:124)
	at sun.reflect.NativeMethodAccessorImpl.invoke0(Native Method)
	at sun.reflect.NativeMethodAccessorImpl.invoke(NativeMethodAccessorImpl.java:39)
	at sun.reflect.DelegatingMethodAccessorImpl.invoke(DelegatingMethodAccessorImpl.java:25)
	at java.lang.reflect.Method.invoke(Method.java:597)
	at junit.framework.TestCase.runTest(TestCase.java:154)
	at junit.framework.TestCase.runBare(TestCase.java:127)
	at junit.framework.TestResult$1.protect(TestResult.java:106)
	at junit.framework.TestResult.runProtected(TestResult.java:124)
	at junit.framework.TestResult.run(TestResult.java:109)
	at junit.framework.TestCase.run(TestCase.java:118)
	at junit.framework.TestSuite.runTest(TestSuite.java:208)
	at junit.framework.TestSuite.run(TestSuite.java:203)
	at org.apache.tools.ant.taskdefs.optional.junit.JUnitTestRunner.run(JUnitTestRunner.java:297)
	at org.apache.tools.ant.taskdefs.optional.junit.JUnitTestRunner.launch(JUnitTestRunner.java:672)
	at org.apache.tools.ant.taskdefs.optional.junit.JUnitTestRunner.main(JUnitTestRunner.java:567)
]]></system-err>

  </testsuite>
</testsuites>
